<?xml version="1.0" encoding="UTF-8"?>
<coverage generated="1701812150131" clover="3.2.0">
  <project timestamp="1701812150132" name="All files">
    <metrics statements="14" coveredstatements="14" conditionals="12" coveredconditionals="12" methods="2" coveredmethods="2" elements="28" coveredelements="28" complexity="0" loc="14" ncloc="14" packages="1" files="1" classes="1"/>
    <file name="util.js" path="C:\Users\beltr\Desktop\testing_tp3\Form_UPSO_Grupo_3\util.js">
      <metrics statements="14" coveredstatements="14" conditionals="12" coveredconditionals="12" methods="2" coveredmethods="2"/>
      <line num="1" count="1" type="stmt"/>
      <line num="3" count="8" type="cond" truecount="4" falsecount="0"/>
      <line num="4" count="6" type="stmt"/>
      <line num="9" count="6" type="stmt"/>
      <line num="11" count="2" type="cond" truecount="2" falsecount="0"/>
      <line num="12" count="1" type="stmt"/>
      <line num="17" count="1" type="stmt"/>
      <line num="19" count="1" type="stmt"/>
      <line num="22" count="1" type="stmt"/>
      <line num="24" count="7" type="cond" truecount="2" falsecount="0"/>
      <line num="25" count="2" type="stmt"/>
      <line num="27" count="5" type="cond" truecount="4" falsecount="0"/>
      <line num="28" count="1" type="stmt"/>
      <line num="30" count="2" type="stmt"/>
    </file>
  </project>
</coverage>
